2016-12-22 17:16:32,619 [Worker-13] INFO  o.e.m.c.i.l.LifecycleMappingFactory - Using org.eclipse.m2e.jdt.JarLifecycleMapping lifecycle mapping for MavenProject: com.sqli:spring-basic-orm-tx:0.0.1-SNAPSHOT @ D:\sts-workspace\ spring-basic-jdbc\pom.xml.
2016-12-22 17:16:42,810 [Worker-13] INFO  o.e.m.c.i.e.AbstractTransferListenerAdapter - Downloaded https://repo.maven.apache.org/maven2/org/hibernate/hibernate-core/3.6.9.Final/hibernate-core-3.6.9.Final.pom
2016-12-22 17:16:50,587 [Worker-12] INFO  o.e.m.c.i.e.AbstractTransferListenerAdapter - Downloaded https://repo.maven.apache.org/maven2/org/hibernate/hibernate-core/3.6.9.Final/hibernate-core-3.6.9.Final.pom
2016-12-22 17:16:52,828 [Worker-13] INFO  o.e.m.c.i.e.AbstractTransferListenerAdapter - Downloaded https://repo.maven.apache.org/maven2/org/springframework/spring-expression/3.2.3.RELEASE/spring-expression-3.2.3.RELEASE.pom
2016-12-22 17:16:58,774 [Worker-11] INFO  o.e.m.i.launch.MavenLaunchDelegate - D:\sts-workspace\ spring-basic-jdbc
2016-12-22 17:16:58,774 [Worker-11] INFO  o.e.m.i.launch.MavenLaunchDelegate -  mvn -B install
2016-12-22 17:17:00,606 [Worker-12] INFO  o.e.m.c.i.e.AbstractTransferListenerAdapter - Downloaded https://repo.maven.apache.org/maven2/org/springframework/spring-expression/3.2.3.RELEASE/spring-expression-3.2.3.RELEASE.pom
2016-12-22 17:17:02,838 [Worker-13] INFO  o.e.m.c.i.e.AbstractTransferListenerAdapter - Downloaded https://repo.maven.apache.org/maven2/org/springframework/spring-beans/3.2.3.RELEASE/spring-beans-3.2.3.RELEASE.pom
2016-12-22 17:17:10,614 [Worker-12] INFO  o.e.m.c.i.e.AbstractTransferListenerAdapter - Downloaded https://repo.maven.apache.org/maven2/org/springframework/spring-beans/3.2.3.RELEASE/spring-beans-3.2.3.RELEASE.pom
2016-12-22 17:17:12,916 [Worker-13] INFO  o.e.m.c.i.e.AbstractTransferListenerAdapter - Downloaded https://repo.maven.apache.org/maven2/org/springframework/spring-aop/3.2.3.RELEASE/spring-aop-3.2.3.RELEASE.pom
2016-12-22 17:17:20,617 [Worker-12] INFO  o.e.m.c.i.e.AbstractTransferListenerAdapter - Downloaded https://repo.maven.apache.org/maven2/org/springframework/spring-aop/3.2.3.RELEASE/spring-aop-3.2.3.RELEASE.pom
2016-12-22 17:17:22,947 [Worker-13] INFO  o.e.m.c.i.e.AbstractTransferListenerAdapter - Downloaded https://repo.maven.apache.org/maven2/org/springframework/spring-context-support/3.2.3.RELEASE/spring-context-support-3.2.3.RELEASE.pom
2016-12-22 17:17:30,624 [Worker-12] INFO  o.e.m.c.i.e.AbstractTransferListenerAdapter - Downloaded https://repo.maven.apache.org/maven2/org/springframework/spring-context-support/3.2.3.RELEASE/spring-context-support-3.2.3.RELEASE.pom
2016-12-22 17:17:32,959 [Worker-13] INFO  o.e.m.c.i.e.AbstractTransferListenerAdapter - Downloaded https://repo.maven.apache.org/maven2/org/springframework/spring-tx/3.2.3.RELEASE/spring-tx-3.2.3.RELEASE.pom
2016-12-22 17:17:40,635 [Worker-12] INFO  o.e.m.c.i.e.AbstractTransferListenerAdapter - Downloaded https://repo.maven.apache.org/maven2/org/springframework/spring-tx/3.2.3.RELEASE/spring-tx-3.2.3.RELEASE.pom
2016-12-22 17:17:43,038 [Worker-13] INFO  o.e.m.c.i.e.AbstractTransferListenerAdapter - Downloaded https://repo.maven.apache.org/maven2/org/springframework/spring-orm/3.2.3.RELEASE/spring-orm-3.2.3.RELEASE.pom
2016-12-22 17:17:44,319 [Worker-13] INFO  o.e.m.c.i.l.LifecycleMappingFactory - Using org.eclipse.m2e.jdt.JarLifecycleMapping lifecycle mapping for MavenProject: com.sqli:spring-basic-jdbc-tx:0.0.1-SNAPSHOT @ D:\sts-workspace\ spring-basic-jdbc-tx\pom.xml.
2016-12-22 17:17:44,359 [Worker-13] INFO  o.e.m.c.i.l.LifecycleMappingFactory - Using org.eclipse.m2e.jdt.JarLifecycleMapping lifecycle mapping for MavenProject: com.sqli:spring-basic-04:0.0.1-SNAPSHOT @ D:\sts-workspace\spring-basic-jdbc-support\pom.xml.
2016-12-22 17:17:44,412 [Worker-13] INFO  o.e.m.c.i.l.LifecycleMappingFactory - Using org.eclipse.m2e.jdt.JarLifecycleMapping lifecycle mapping for MavenProject: com.sqli.formation:spring-basic-orm:1.0-SNAPSHOT @ D:\sts-workspace\spring-basic-orm\pom.xml.
2016-12-22 17:17:44,488 [Worker-13] INFO  o.e.m.c.i.l.LifecycleMappingFactory - Using org.eclipse.m2e.jdt.JarLifecycleMapping lifecycle mapping for MavenProject: com.sqli.formation:spring-basic-orm-annotation:1.0-SNAPSHOT @ D:\sts-workspace\spring-basic-orm-annotation\pom.xml.
2016-12-22 17:17:50,644 [Worker-12] INFO  o.e.m.c.i.e.AbstractTransferListenerAdapter - Downloaded https://repo.maven.apache.org/maven2/org/springframework/spring-orm/3.2.3.RELEASE/spring-orm-3.2.3.RELEASE.pom
2016-12-22 17:17:55,043 [Worker-13] INFO  o.e.m.c.i.e.AbstractTransferListenerAdapter - Downloaded http://repository.jboss.com/maven2/asm/asm/1.5.3/asm-1.5.3.jar
2016-12-22 17:17:57,207 [Worker-10] INFO  o.e.m.i.launch.MavenLaunchDelegate - D:\sts-workspace\ spring-basic-jdbc
2016-12-22 17:17:57,207 [Worker-10] INFO  o.e.m.i.launch.MavenLaunchDelegate -  mvn -B -s E:\atelier\tools\apache-maven-3.3.9\conf\settings.xml clean
2016-12-22 17:18:05,051 [Worker-13] INFO  o.e.m.c.i.e.AbstractTransferListenerAdapter - Downloaded https://repo.maven.apache.org/maven2/asm/asm/1.5.3/asm-1.5.3.jar
2016-12-22 17:18:05,147 [Worker-13] INFO  o.e.m.c.i.l.LifecycleMappingFactory - Using org.eclipse.m2e.jdt.JarLifecycleMapping lifecycle mapping for MavenProject: com.sqli.formation:spring-basic-orm-tx:1.0-SNAPSHOT @ D:\sts-workspace\spring-basic-orm-tx\pom.xml.
2016-12-22 17:18:06,288 [Worker-13] INFO  o.e.m.j.i.AbstractJavaProjectConfigurator - Adding source folder / spring-basic-jdbc-tx/src/main/java
2016-12-22 17:18:06,288 [Worker-13] INFO  o.e.m.j.i.AbstractJavaProjectConfigurator - Adding resource folder / spring-basic-jdbc-tx/src/main/resources
2016-12-22 17:18:06,288 [Worker-13] INFO  o.e.m.j.i.AbstractJavaProjectConfigurator - Adding source folder / spring-basic-jdbc-tx/src/test/java
2016-12-22 17:18:06,377 [Worker-13] INFO  o.e.m.j.i.AbstractJavaProjectConfigurator - Adding source folder /spring-basic-orm-tx/src/main/java
2016-12-22 17:18:06,378 [Worker-13] INFO  o.e.m.j.i.AbstractJavaProjectConfigurator - Adding resource folder /spring-basic-orm-tx/src/main/resources
2016-12-22 17:18:06,378 [Worker-13] INFO  o.e.m.j.i.AbstractJavaProjectConfigurator - Adding source folder /spring-basic-orm-tx/src/test/java
2016-12-22 17:18:06,423 [Worker-13] INFO  o.e.m.j.i.AbstractJavaProjectConfigurator - Adding source folder /spring-basic-orm/src/main/java
2016-12-22 17:18:06,423 [Worker-13] INFO  o.e.m.j.i.AbstractJavaProjectConfigurator - Adding resource folder /spring-basic-orm/src/main/resources
2016-12-22 17:18:06,424 [Worker-13] INFO  o.e.m.j.i.AbstractJavaProjectConfigurator - Adding source folder /spring-basic-orm/src/test/java
2016-12-22 17:18:06,458 [Worker-13] INFO  o.e.m.j.i.AbstractJavaProjectConfigurator - Adding source folder /spring-basic-jdbc-support/src/main/java
2016-12-22 17:18:06,458 [Worker-13] INFO  o.e.m.j.i.AbstractJavaProjectConfigurator - Adding resource folder /spring-basic-jdbc-support/src/main/resources
2016-12-22 17:18:06,459 [Worker-13] INFO  o.e.m.j.i.AbstractJavaProjectConfigurator - Adding source folder /spring-basic-jdbc-support/src/test/java
2016-12-22 17:18:06,488 [Worker-13] INFO  o.e.m.j.i.AbstractJavaProjectConfigurator - Adding source folder /spring-basic-orm-annotation/src/main/java
2016-12-22 17:18:06,489 [Worker-13] INFO  o.e.m.j.i.AbstractJavaProjectConfigurator - Adding resource folder /spring-basic-orm-annotation/src/main/resources
2016-12-22 17:18:06,489 [Worker-13] INFO  o.e.m.j.i.AbstractJavaProjectConfigurator - Adding source folder /spring-basic-orm-annotation/src/test/java
2016-12-22 17:18:06,529 [Worker-13] INFO  o.e.m.c.i.p.ProjectConfigurationManager - Imported and configured 6 project(s) in 95 sec
2016-12-22 17:18:06,960 [Worker-2] INFO  o.e.m.c.i.p.ProjectConfigurationManager - Update started
2016-12-22 17:18:07,011 [Worker-2] INFO  o.e.m.c.i.l.LifecycleMappingFactory - Using org.eclipse.m2e.jdt.JarLifecycleMapping lifecycle mapping for MavenProject: com.sqli:spring-basic-orm-tx:0.0.1-SNAPSHOT @ D:\sts-workspace\ spring-basic-jdbc\pom.xml.
2016-12-22 17:18:07,505 [Worker-2] INFO  o.e.m.j.i.AbstractJavaProjectConfigurator - Adding source folder / spring-basic-jdbc/src/main/java
2016-12-22 17:18:07,505 [Worker-2] INFO  o.e.m.j.i.AbstractJavaProjectConfigurator - Adding resource folder / spring-basic-jdbc/src/main/resources
2016-12-22 17:18:07,505 [Worker-2] INFO  o.e.m.j.i.AbstractJavaProjectConfigurator - Adding source folder / spring-basic-jdbc/src/test/java
2016-12-22 17:18:08,000 [Worker-2] INFO  o.e.m.c.i.p.ProjectConfigurationManager - Update completed: 1 sec
2016-12-22 17:18:08,411 [Worker-13] WARN  o.e.m.c.i.embedder.EclipseLogger - Using platform encoding (Cp1252 actually) to copy filtered resources, i.e. build is platform dependent!
2016-12-22 17:18:08,418 [Worker-13] INFO  o.e.m.c.i.embedder.EclipseLogger - Copying 5 resources
2016-12-22 17:18:08,545 [Worker-13] WARN  o.e.m.c.i.embedder.EclipseLogger - Using platform encoding (Cp1252 actually) to copy filtered resources, i.e. build is platform dependent!
2016-12-22 17:18:08,547 [Worker-13] INFO  o.e.m.c.i.embedder.EclipseLogger - skip non existing resourceDirectory D:\sts-workspace\ spring-basic-jdbc\src\test\resources
2016-12-22 17:18:08,610 [Worker-15] INFO  o.e.m.i.discovery.MavenDiscovery - No lifecyle mapping found at jar:file:/C:/Users/moabdi/AppData/Local/Temp/RemoteBundleDiscoveryStrategy5841330789197117075.tmp/org.eclipse.m2e.discovery.oss_catalog_1.6.jar_5885859054065866099.jar!/lifecycle%2Forg.eclipse.m2e.discovery.lifecyclemapping.m2e-egit.xml
2016-12-22 17:18:08,610 [Worker-15] WARN  o.e.m.i.discovery.MavenDiscovery - CatalogItem org.eclipse.m2e.discovery.lifecyclemapping.m2e-egit does not contain lifecycle mapping metadata
2016-12-22 17:18:08,614 [Worker-15] INFO  o.e.m.i.discovery.MavenDiscovery - No lifecyle mapping found at jar:file:/C:/Users/moabdi/AppData/Local/Temp/RemoteBundleDiscoveryStrategy5841330789197117075.tmp/org.eclipse.m2e.discovery.oss_catalog_1.6.jar_5885859054065866099.jar!/lifecycle%2Forg.eclipse.m2e.discovery.lifecyclemapping.m2e-subversive.xml
2016-12-22 17:18:08,614 [Worker-15] WARN  o.e.m.i.discovery.MavenDiscovery - CatalogItem org.eclipse.m2e.discovery.lifecyclemapping.m2e-subversive does not contain lifecycle mapping metadata
2016-12-22 17:18:09,237 [Worker-13] WARN  o.e.m.c.i.embedder.EclipseLogger - Using platform encoding (Cp1252 actually) to copy filtered resources, i.e. build is platform dependent!
2016-12-22 17:18:09,240 [Worker-13] INFO  o.e.m.c.i.embedder.EclipseLogger - Copying 3 resources
2016-12-22 17:18:09,266 [Worker-13] WARN  o.e.m.c.i.embedder.EclipseLogger - Using platform encoding (Cp1252 actually) to copy filtered resources, i.e. build is platform dependent!
2016-12-22 17:18:09,268 [Worker-13] INFO  o.e.m.c.i.embedder.EclipseLogger - skip non existing resourceDirectory D:\sts-workspace\ spring-basic-jdbc-tx\src\test\resources
2016-12-22 17:18:09,434 [Worker-13] WARN  o.e.m.c.i.embedder.EclipseLogger - Using platform encoding (Cp1252 actually) to copy filtered resources, i.e. build is platform dependent!
2016-12-22 17:18:09,436 [Worker-13] INFO  o.e.m.c.i.embedder.EclipseLogger - Copying 5 resources
2016-12-22 17:18:09,447 [Worker-13] WARN  o.e.m.c.i.embedder.EclipseLogger - Using platform encoding (Cp1252 actually) to copy filtered resources, i.e. build is platform dependent!
2016-12-22 17:18:09,449 [Worker-13] INFO  o.e.m.c.i.embedder.EclipseLogger - skip non existing resourceDirectory D:\sts-workspace\spring-basic-jdbc-support\src\test\resources
2016-12-22 17:18:09,748 [Worker-13] WARN  o.e.m.c.i.embedder.EclipseLogger - Using platform encoding (Cp1252 actually) to copy filtered resources, i.e. build is platform dependent!
2016-12-22 17:18:09,752 [Worker-13] INFO  o.e.m.c.i.embedder.EclipseLogger - Copying 6 resources
2016-12-22 17:18:09,788 [Worker-13] WARN  o.e.m.c.i.embedder.EclipseLogger - Using platform encoding (Cp1252 actually) to copy filtered resources, i.e. build is platform dependent!
2016-12-22 17:18:09,790 [Worker-13] INFO  o.e.m.c.i.embedder.EclipseLogger - skip non existing resourceDirectory D:\sts-workspace\spring-basic-orm\src\test\resources
2016-12-22 17:18:09,874 [Worker-13] WARN  o.e.m.c.i.embedder.EclipseLogger - Using platform encoding (Cp1252 actually) to copy filtered resources, i.e. build is platform dependent!
2016-12-22 17:18:09,876 [Worker-13] INFO  o.e.m.c.i.embedder.EclipseLogger - Copying 4 resources
2016-12-22 17:18:09,878 [Worker-13] WARN  o.e.m.c.i.embedder.EclipseLogger - Using platform encoding (Cp1252 actually) to copy filtered resources, i.e. build is platform dependent!
2016-12-22 17:18:09,880 [Worker-13] INFO  o.e.m.c.i.embedder.EclipseLogger - skip non existing resourceDirectory D:\sts-workspace\spring-basic-orm-annotation\src\test\resources
2016-12-22 17:18:10,435 [Worker-13] WARN  o.e.m.c.i.embedder.EclipseLogger - Using platform encoding (Cp1252 actually) to copy filtered resources, i.e. build is platform dependent!
2016-12-22 17:18:10,438 [Worker-13] INFO  o.e.m.c.i.embedder.EclipseLogger - Copying 9 resources
2016-12-22 17:18:10,439 [Worker-13] WARN  o.e.m.c.i.embedder.EclipseLogger - Using platform encoding (Cp1252 actually) to copy filtered resources, i.e. build is platform dependent!
2016-12-22 17:18:10,441 [Worker-13] INFO  o.e.m.c.i.embedder.EclipseLogger - skip non existing resourceDirectory D:\sts-workspace\spring-basic-orm-tx\src\test\resources
2016-12-22 17:18:11,002 [Worker-16] INFO  o.e.m.c.i.l.LifecycleMappingFactory - Using org.eclipse.m2e.jdt.JarLifecycleMapping lifecycle mapping for MavenProject: com.sqli.formation:spring-basic-orm:1.0-SNAPSHOT @ D:\sts-workspace\spring-basic-orm\pom.xml.
2016-12-22 17:18:11,432 [Worker-16] INFO  o.e.m.c.i.l.LifecycleMappingFactory - Using org.eclipse.m2e.jdt.JarLifecycleMapping lifecycle mapping for MavenProject: com.sqli:spring-basic-orm-tx:0.0.1-SNAPSHOT @ D:\sts-workspace\ spring-basic-jdbc\pom.xml.
2016-12-22 17:18:11,464 [Worker-16] INFO  o.e.m.c.i.l.LifecycleMappingFactory - Using org.eclipse.m2e.jdt.JarLifecycleMapping lifecycle mapping for MavenProject: com.sqli:spring-basic-04:0.0.1-SNAPSHOT @ D:\sts-workspace\spring-basic-jdbc-support\pom.xml.
2016-12-22 17:18:11,496 [Worker-16] INFO  o.e.m.c.i.l.LifecycleMappingFactory - Using org.eclipse.m2e.jdt.JarLifecycleMapping lifecycle mapping for MavenProject: com.sqli:spring-basic-jdbc-tx:0.0.1-SNAPSHOT @ D:\sts-workspace\ spring-basic-jdbc-tx\pom.xml.
2016-12-22 17:18:11,532 [Worker-16] INFO  o.e.m.c.i.l.LifecycleMappingFactory - Using org.eclipse.m2e.jdt.JarLifecycleMapping lifecycle mapping for MavenProject: com.sqli.formation:spring-basic-orm-annotation:1.0-SNAPSHOT @ D:\sts-workspace\spring-basic-orm-annotation\pom.xml.
2016-12-22 17:18:11,612 [Worker-16] INFO  o.e.m.c.i.l.LifecycleMappingFactory - Using org.eclipse.m2e.jdt.JarLifecycleMapping lifecycle mapping for MavenProject: com.sqli.formation:spring-basic-orm-tx:1.0-SNAPSHOT @ D:\sts-workspace\spring-basic-orm-tx\pom.xml.
2016-12-22 17:18:12,845 [Worker-17] WARN  o.e.m.c.i.embedder.EclipseLogger - Using platform encoding (Cp1252 actually) to copy filtered resources, i.e. build is platform dependent!
2016-12-22 17:18:12,849 [Worker-17] INFO  o.e.m.c.i.embedder.EclipseLogger - Copying 0 resource
2016-12-22 17:18:12,851 [Worker-17] WARN  o.e.m.c.i.embedder.EclipseLogger - Using platform encoding (Cp1252 actually) to copy filtered resources, i.e. build is platform dependent!
2016-12-22 17:18:12,853 [Worker-17] INFO  o.e.m.c.i.embedder.EclipseLogger - skip non existing resourceDirectory D:\sts-workspace\ spring-basic-jdbc\src\test\resources
2016-12-22 17:18:12,927 [Worker-17] WARN  o.e.m.c.i.embedder.EclipseLogger - Using platform encoding (Cp1252 actually) to copy filtered resources, i.e. build is platform dependent!
2016-12-22 17:18:12,960 [Worker-17] INFO  o.e.m.c.i.embedder.EclipseLogger - Copying 3 resources
2016-12-22 17:18:12,968 [Worker-17] WARN  o.e.m.c.i.embedder.EclipseLogger - Using platform encoding (Cp1252 actually) to copy filtered resources, i.e. build is platform dependent!
2016-12-22 17:18:12,970 [Worker-17] INFO  o.e.m.c.i.embedder.EclipseLogger - skip non existing resourceDirectory D:\sts-workspace\ spring-basic-jdbc-tx\src\test\resources
2016-12-22 17:18:13,176 [Worker-17] WARN  o.e.m.c.i.embedder.EclipseLogger - Using platform encoding (Cp1252 actually) to copy filtered resources, i.e. build is platform dependent!
2016-12-22 17:18:13,179 [Worker-17] INFO  o.e.m.c.i.embedder.EclipseLogger - Copying 5 resources
2016-12-22 17:18:13,183 [Worker-17] WARN  o.e.m.c.i.embedder.EclipseLogger - Using platform encoding (Cp1252 actually) to copy filtered resources, i.e. build is platform dependent!
2016-12-22 17:18:13,185 [Worker-17] INFO  o.e.m.c.i.embedder.EclipseLogger - skip non existing resourceDirectory D:\sts-workspace\spring-basic-jdbc-support\src\test\resources
2016-12-22 17:18:13,274 [Worker-17] WARN  o.e.m.c.i.embedder.EclipseLogger - Using platform encoding (Cp1252 actually) to copy filtered resources, i.e. build is platform dependent!
2016-12-22 17:18:13,277 [Worker-17] INFO  o.e.m.c.i.embedder.EclipseLogger - Copying 6 resources
2016-12-22 17:18:13,284 [Worker-17] WARN  o.e.m.c.i.embedder.EclipseLogger - Using platform encoding (Cp1252 actually) to copy filtered resources, i.e. build is platform dependent!
2016-12-22 17:18:13,286 [Worker-17] INFO  o.e.m.c.i.embedder.EclipseLogger - skip non existing resourceDirectory D:\sts-workspace\spring-basic-orm\src\test\resources
2016-12-22 17:18:13,426 [Worker-17] WARN  o.e.m.c.i.embedder.EclipseLogger - Using platform encoding (Cp1252 actually) to copy filtered resources, i.e. build is platform dependent!
2016-12-22 17:18:13,429 [Worker-17] INFO  o.e.m.c.i.embedder.EclipseLogger - Copying 4 resources
2016-12-22 17:18:13,451 [Worker-17] WARN  o.e.m.c.i.embedder.EclipseLogger - Using platform encoding (Cp1252 actually) to copy filtered resources, i.e. build is platform dependent!
2016-12-22 17:18:13,453 [Worker-17] INFO  o.e.m.c.i.embedder.EclipseLogger - skip non existing resourceDirectory D:\sts-workspace\spring-basic-orm-annotation\src\test\resources
2016-12-22 17:18:13,498 [Worker-17] WARN  o.e.m.c.i.embedder.EclipseLogger - Using platform encoding (Cp1252 actually) to copy filtered resources, i.e. build is platform dependent!
2016-12-22 17:18:13,501 [Worker-17] INFO  o.e.m.c.i.embedder.EclipseLogger - Copying 0 resource
2016-12-22 17:18:13,502 [Worker-17] WARN  o.e.m.c.i.embedder.EclipseLogger - Using platform encoding (Cp1252 actually) to copy filtered resources, i.e. build is platform dependent!
2016-12-22 17:18:13,504 [Worker-17] INFO  o.e.m.c.i.embedder.EclipseLogger - skip non existing resourceDirectory D:\sts-workspace\spring-basic-orm-tx\src\test\resources
2016-12-22 17:18:23,740 [Worker-1] WARN  o.e.m.c.i.embedder.EclipseLogger - Using platform encoding (Cp1252 actually) to copy filtered resources, i.e. build is platform dependent!
2016-12-22 17:18:23,743 [Worker-1] INFO  o.e.m.c.i.embedder.EclipseLogger - Copying 5 resources
2016-12-22 17:18:23,750 [Worker-1] WARN  o.e.m.c.i.embedder.EclipseLogger - Using platform encoding (Cp1252 actually) to copy filtered resources, i.e. build is platform dependent!
2016-12-22 17:18:23,753 [Worker-1] INFO  o.e.m.c.i.embedder.EclipseLogger - skip non existing resourceDirectory D:\sts-workspace\ spring-basic-jdbc\src\test\resources
2016-12-22 17:18:33,434 [Worker-13] INFO  o.e.m.i.launch.MavenLaunchDelegate - D:\sts-workspace\ spring-basic-jdbc
2016-12-22 17:18:33,434 [Worker-13] INFO  o.e.m.i.launch.MavenLaunchDelegate -  mvn -B -s E:\atelier\tools\apache-maven-3.3.9\conf\settings.xml install
2016-12-22 17:18:36,370 [Worker-8] WARN  o.e.m.c.i.embedder.EclipseLogger - Using platform encoding (Cp1252 actually) to copy filtered resources, i.e. build is platform dependent!
2016-12-22 17:18:36,374 [Worker-8] INFO  o.e.m.c.i.embedder.EclipseLogger - Copying 5 resources
2016-12-22 17:18:36,377 [Worker-8] WARN  o.e.m.c.i.embedder.EclipseLogger - Using platform encoding (Cp1252 actually) to copy filtered resources, i.e. build is platform dependent!
2016-12-22 17:18:36,381 [Worker-8] INFO  o.e.m.c.i.embedder.EclipseLogger - skip non existing resourceDirectory D:\sts-workspace\ spring-basic-jdbc\src\test\resources
2016-12-22 17:18:57,477 [Worker-11] WARN  o.e.m.c.i.embedder.EclipseLogger - Using platform encoding (Cp1252 actually) to copy filtered resources, i.e. build is platform dependent!
2016-12-22 17:18:57,480 [Worker-11] INFO  o.e.m.c.i.embedder.EclipseLogger - Copying 3 resources
2016-12-22 17:18:57,483 [Worker-11] WARN  o.e.m.c.i.embedder.EclipseLogger - Using platform encoding (Cp1252 actually) to copy filtered resources, i.e. build is platform dependent!
2016-12-22 17:18:57,486 [Worker-11] INFO  o.e.m.c.i.embedder.EclipseLogger - skip non existing resourceDirectory D:\sts-workspace\ spring-basic-jdbc-tx\src\test\resources
2016-12-22 17:19:10,362 [Worker-21] WARN  o.e.m.c.i.embedder.EclipseLogger - Using platform encoding (Cp1252 actually) to copy filtered resources, i.e. build is platform dependent!
2016-12-22 17:19:10,365 [Worker-21] INFO  o.e.m.c.i.embedder.EclipseLogger - Copying 5 resources
2016-12-22 17:19:10,370 [Worker-21] WARN  o.e.m.c.i.embedder.EclipseLogger - Using platform encoding (Cp1252 actually) to copy filtered resources, i.e. build is platform dependent!
2016-12-22 17:19:10,372 [Worker-21] INFO  o.e.m.c.i.embedder.EclipseLogger - skip non existing resourceDirectory D:\sts-workspace\spring-basic-jdbc-support\src\test\resources
2016-12-22 17:19:19,452 [Worker-8] WARN  o.e.m.c.i.embedder.EclipseLogger - Using platform encoding (Cp1252 actually) to copy filtered resources, i.e. build is platform dependent!
2016-12-22 17:19:19,455 [Worker-8] INFO  o.e.m.c.i.embedder.EclipseLogger - Copying 6 resources
2016-12-22 17:19:19,465 [Worker-8] WARN  o.e.m.c.i.embedder.EclipseLogger - Using platform encoding (Cp1252 actually) to copy filtered resources, i.e. build is platform dependent!
2016-12-22 17:19:19,467 [Worker-8] INFO  o.e.m.c.i.embedder.EclipseLogger - skip non existing resourceDirectory D:\sts-workspace\spring-basic-orm\src\test\resources
2016-12-22 17:19:27,463 [Worker-9] WARN  o.e.m.c.i.embedder.EclipseLogger - Using platform encoding (Cp1252 actually) to copy filtered resources, i.e. build is platform dependent!
2016-12-22 17:19:27,466 [Worker-9] INFO  o.e.m.c.i.embedder.EclipseLogger - Copying 4 resources
2016-12-22 17:19:27,471 [Worker-9] WARN  o.e.m.c.i.embedder.EclipseLogger - Using platform encoding (Cp1252 actually) to copy filtered resources, i.e. build is platform dependent!
2016-12-22 17:19:27,474 [Worker-9] INFO  o.e.m.c.i.embedder.EclipseLogger - skip non existing resourceDirectory D:\sts-workspace\spring-basic-orm-annotation\src\test\resources
2016-12-22 17:19:42,775 [Worker-13] WARN  o.e.m.c.i.embedder.EclipseLogger - Using platform encoding (Cp1252 actually) to copy filtered resources, i.e. build is platform dependent!
2016-12-22 17:19:42,777 [Worker-13] INFO  o.e.m.c.i.embedder.EclipseLogger - Copying 9 resources
2016-12-22 17:19:42,826 [Worker-13] WARN  o.e.m.c.i.embedder.EclipseLogger - Using platform encoding (Cp1252 actually) to copy filtered resources, i.e. build is platform dependent!
2016-12-22 17:19:42,829 [Worker-13] INFO  o.e.m.c.i.embedder.EclipseLogger - skip non existing resourceDirectory D:\sts-workspace\spring-basic-orm-tx\src\test\resources
2016-12-22 17:20:13,366 [Worker-5] INFO  o.e.m.c.i.p.ProjectConfigurationManager - Update started
2016-12-22 17:20:13,555 [Worker-5] INFO  o.e.m.c.i.l.LifecycleMappingFactory - Using org.eclipse.m2e.jdt.JarLifecycleMapping lifecycle mapping for MavenProject: com.sqli:spring-basic-orm-tx:0.0.1-SNAPSHOT @ D:\sts-workspace\ spring-basic-jdbc\pom.xml.
2016-12-22 17:20:13,604 [Worker-5] INFO  o.e.m.c.i.l.LifecycleMappingFactory - Using org.eclipse.m2e.jdt.JarLifecycleMapping lifecycle mapping for MavenProject: com.sqli:spring-basic-jdbc-tx:0.0.1-SNAPSHOT @ D:\sts-workspace\ spring-basic-jdbc-tx\pom.xml.
2016-12-22 17:20:13,652 [Worker-5] INFO  o.e.m.c.i.l.LifecycleMappingFactory - Using org.eclipse.m2e.jdt.JarLifecycleMapping lifecycle mapping for MavenProject: com.sqli:spring-basic-04:0.0.1-SNAPSHOT @ D:\sts-workspace\spring-basic-jdbc-support\pom.xml.
2016-12-22 17:20:13,674 [Worker-5] INFO  o.e.m.c.i.l.LifecycleMappingFactory - Using org.eclipse.m2e.jdt.JarLifecycleMapping lifecycle mapping for MavenProject: com.sqli.formation:spring-basic-orm:1.0-SNAPSHOT @ D:\sts-workspace\spring-basic-orm\pom.xml.
2016-12-22 17:20:13,721 [Worker-5] INFO  o.e.m.c.i.l.LifecycleMappingFactory - Using org.eclipse.m2e.jdt.JarLifecycleMapping lifecycle mapping for MavenProject: com.sqli.formation:spring-basic-orm-annotation:1.0-SNAPSHOT @ D:\sts-workspace\spring-basic-orm-annotation\pom.xml.
2016-12-22 17:20:13,772 [Worker-5] INFO  o.e.m.c.i.l.LifecycleMappingFactory - Using org.eclipse.m2e.jdt.JarLifecycleMapping lifecycle mapping for MavenProject: com.sqli.formation:spring-basic-orm-tx:1.0-SNAPSHOT @ D:\sts-workspace\spring-basic-orm-tx\pom.xml.
2016-12-22 17:20:13,941 [Worker-5] INFO  o.e.m.j.i.AbstractJavaProjectConfigurator - Adding source folder / spring-basic-jdbc/src/main/java
2016-12-22 17:20:13,941 [Worker-5] INFO  o.e.m.j.i.AbstractJavaProjectConfigurator - Adding resource folder / spring-basic-jdbc/src/main/resources
2016-12-22 17:20:13,942 [Worker-5] INFO  o.e.m.j.i.AbstractJavaProjectConfigurator - Adding source folder / spring-basic-jdbc/src/test/java
2016-12-22 17:20:13,968 [Worker-5] INFO  o.e.m.j.i.AbstractJavaProjectConfigurator - Adding source folder / spring-basic-jdbc-tx/src/main/java
2016-12-22 17:20:13,969 [Worker-5] INFO  o.e.m.j.i.AbstractJavaProjectConfigurator - Adding resource folder / spring-basic-jdbc-tx/src/main/resources
2016-12-22 17:20:13,969 [Worker-5] INFO  o.e.m.j.i.AbstractJavaProjectConfigurator - Adding source folder / spring-basic-jdbc-tx/src/test/java
2016-12-22 17:20:13,995 [Worker-5] INFO  o.e.m.j.i.AbstractJavaProjectConfigurator - Adding source folder /spring-basic-jdbc-support/src/main/java
2016-12-22 17:20:13,996 [Worker-5] INFO  o.e.m.j.i.AbstractJavaProjectConfigurator - Adding resource folder /spring-basic-jdbc-support/src/main/resources
2016-12-22 17:20:13,996 [Worker-5] INFO  o.e.m.j.i.AbstractJavaProjectConfigurator - Adding source folder /spring-basic-jdbc-support/src/test/java
2016-12-22 17:20:14,019 [Worker-5] INFO  o.e.m.j.i.AbstractJavaProjectConfigurator - Adding source folder /spring-basic-orm/src/main/java
2016-12-22 17:20:14,019 [Worker-5] INFO  o.e.m.j.i.AbstractJavaProjectConfigurator - Adding resource folder /spring-basic-orm/src/main/resources
2016-12-22 17:20:14,019 [Worker-5] INFO  o.e.m.j.i.AbstractJavaProjectConfigurator - Adding source folder /spring-basic-orm/src/test/java
2016-12-22 17:20:14,047 [Worker-5] INFO  o.e.m.j.i.AbstractJavaProjectConfigurator - Adding source folder /spring-basic-orm-annotation/src/main/java
2016-12-22 17:20:14,048 [Worker-5] INFO  o.e.m.j.i.AbstractJavaProjectConfigurator - Adding resource folder /spring-basic-orm-annotation/src/main/resources
2016-12-22 17:20:14,048 [Worker-5] INFO  o.e.m.j.i.AbstractJavaProjectConfigurator - Adding source folder /spring-basic-orm-annotation/src/test/java
2016-12-22 17:20:14,077 [Worker-5] INFO  o.e.m.j.i.AbstractJavaProjectConfigurator - Adding source folder /spring-basic-orm-tx/src/main/java
2016-12-22 17:20:14,077 [Worker-5] INFO  o.e.m.j.i.AbstractJavaProjectConfigurator - Adding resource folder /spring-basic-orm-tx/src/main/resources
2016-12-22 17:20:14,077 [Worker-5] INFO  o.e.m.j.i.AbstractJavaProjectConfigurator - Adding source folder /spring-basic-orm-tx/src/test/java
2016-12-22 17:20:14,194 [Worker-5] INFO  o.e.m.c.i.p.ProjectConfigurationManager - Update completed: 0 sec
2016-12-22 17:20:14,361 [Worker-15] WARN  o.e.m.c.i.embedder.EclipseLogger - Using platform encoding (Cp1252 actually) to copy filtered resources, i.e. build is platform dependent!
2016-12-22 17:20:14,364 [Worker-15] INFO  o.e.m.c.i.embedder.EclipseLogger - Copying 5 resources
2016-12-22 17:20:14,373 [Worker-15] WARN  o.e.m.c.i.embedder.EclipseLogger - Using platform encoding (Cp1252 actually) to copy filtered resources, i.e. build is platform dependent!
2016-12-22 17:20:14,375 [Worker-15] INFO  o.e.m.c.i.embedder.EclipseLogger - skip non existing resourceDirectory D:\sts-workspace\ spring-basic-jdbc\src\test\resources
2016-12-22 17:20:14,505 [Worker-15] WARN  o.e.m.c.i.embedder.EclipseLogger - Using platform encoding (Cp1252 actually) to copy filtered resources, i.e. build is platform dependent!
2016-12-22 17:20:14,507 [Worker-15] INFO  o.e.m.c.i.embedder.EclipseLogger - Copying 3 resources
2016-12-22 17:20:14,511 [Worker-15] WARN  o.e.m.c.i.embedder.EclipseLogger - Using platform encoding (Cp1252 actually) to copy filtered resources, i.e. build is platform dependent!
2016-12-22 17:20:14,512 [Worker-15] INFO  o.e.m.c.i.embedder.EclipseLogger - skip non existing resourceDirectory D:\sts-workspace\ spring-basic-jdbc-tx\src\test\resources
2016-12-22 17:20:14,574 [Worker-15] WARN  o.e.m.c.i.embedder.EclipseLogger - Using platform encoding (Cp1252 actually) to copy filtered resources, i.e. build is platform dependent!
2016-12-22 17:20:14,576 [Worker-15] INFO  o.e.m.c.i.embedder.EclipseLogger - Copying 5 resources
2016-12-22 17:20:14,579 [Worker-15] WARN  o.e.m.c.i.embedder.EclipseLogger - Using platform encoding (Cp1252 actually) to copy filtered resources, i.e. build is platform dependent!
2016-12-22 17:20:14,581 [Worker-15] INFO  o.e.m.c.i.embedder.EclipseLogger - skip non existing resourceDirectory D:\sts-workspace\spring-basic-jdbc-support\src\test\resources
2016-12-22 17:20:14,637 [Worker-15] WARN  o.e.m.c.i.embedder.EclipseLogger - Using platform encoding (Cp1252 actually) to copy filtered resources, i.e. build is platform dependent!
2016-12-22 17:20:14,640 [Worker-15] INFO  o.e.m.c.i.embedder.EclipseLogger - Copying 6 resources
2016-12-22 17:20:14,646 [Worker-15] WARN  o.e.m.c.i.embedder.EclipseLogger - Using platform encoding (Cp1252 actually) to copy filtered resources, i.e. build is platform dependent!
2016-12-22 17:20:14,648 [Worker-15] INFO  o.e.m.c.i.embedder.EclipseLogger - skip non existing resourceDirectory D:\sts-workspace\spring-basic-orm\src\test\resources
2016-12-22 17:20:14,726 [Worker-15] WARN  o.e.m.c.i.embedder.EclipseLogger - Using platform encoding (Cp1252 actually) to copy filtered resources, i.e. build is platform dependent!
2016-12-22 17:20:14,728 [Worker-15] INFO  o.e.m.c.i.embedder.EclipseLogger - Copying 4 resources
2016-12-22 17:20:14,732 [Worker-15] WARN  o.e.m.c.i.embedder.EclipseLogger - Using platform encoding (Cp1252 actually) to copy filtered resources, i.e. build is platform dependent!
2016-12-22 17:20:14,734 [Worker-15] INFO  o.e.m.c.i.embedder.EclipseLogger - skip non existing resourceDirectory D:\sts-workspace\spring-basic-orm-annotation\src\test\resources
2016-12-22 17:20:14,778 [Worker-15] WARN  o.e.m.c.i.embedder.EclipseLogger - Using platform encoding (Cp1252 actually) to copy filtered resources, i.e. build is platform dependent!
2016-12-22 17:20:14,780 [Worker-15] INFO  o.e.m.c.i.embedder.EclipseLogger - Copying 9 resources
2016-12-22 17:20:14,788 [Worker-15] WARN  o.e.m.c.i.embedder.EclipseLogger - Using platform encoding (Cp1252 actually) to copy filtered resources, i.e. build is platform dependent!
2016-12-22 17:20:14,790 [Worker-15] INFO  o.e.m.c.i.embedder.EclipseLogger - skip non existing resourceDirectory D:\sts-workspace\spring-basic-orm-tx\src\test\resources
2016-12-22 17:20:22,580 [Worker-11] WARN  o.e.m.c.i.embedder.EclipseLogger - Using platform encoding (Cp1252 actually) to copy filtered resources, i.e. build is platform dependent!
2016-12-22 17:20:22,583 [Worker-11] INFO  o.e.m.c.i.embedder.EclipseLogger - Copying 0 resource
2016-12-22 17:20:22,584 [Worker-11] WARN  o.e.m.c.i.embedder.EclipseLogger - Using platform encoding (Cp1252 actually) to copy filtered resources, i.e. build is platform dependent!
2016-12-22 17:20:22,586 [Worker-11] INFO  o.e.m.c.i.embedder.EclipseLogger - skip non existing resourceDirectory D:\sts-workspace\ spring-basic-jdbc\src\test\resources
2016-12-22 17:20:22,597 [Worker-11] WARN  o.e.m.c.i.embedder.EclipseLogger - Using platform encoding (Cp1252 actually) to copy filtered resources, i.e. build is platform dependent!
2016-12-22 17:20:22,599 [Worker-11] INFO  o.e.m.c.i.embedder.EclipseLogger - Copying 0 resource
2016-12-22 17:20:22,601 [Worker-11] WARN  o.e.m.c.i.embedder.EclipseLogger - Using platform encoding (Cp1252 actually) to copy filtered resources, i.e. build is platform dependent!
2016-12-22 17:20:22,603 [Worker-11] INFO  o.e.m.c.i.embedder.EclipseLogger - skip non existing resourceDirectory D:\sts-workspace\ spring-basic-jdbc-tx\src\test\resources
2016-12-22 17:20:22,616 [Worker-11] WARN  o.e.m.c.i.embedder.EclipseLogger - Using platform encoding (Cp1252 actually) to copy filtered resources, i.e. build is platform dependent!
2016-12-22 17:20:22,619 [Worker-11] INFO  o.e.m.c.i.embedder.EclipseLogger - Copying 0 resource
2016-12-22 17:20:22,620 [Worker-11] WARN  o.e.m.c.i.embedder.EclipseLogger - Using platform encoding (Cp1252 actually) to copy filtered resources, i.e. build is platform dependent!
2016-12-22 17:20:22,623 [Worker-11] INFO  o.e.m.c.i.embedder.EclipseLogger - skip non existing resourceDirectory D:\sts-workspace\spring-basic-jdbc-support\src\test\resources
2016-12-22 17:20:22,652 [Worker-11] WARN  o.e.m.c.i.embedder.EclipseLogger - Using platform encoding (Cp1252 actually) to copy filtered resources, i.e. build is platform dependent!
2016-12-22 17:20:22,654 [Worker-11] INFO  o.e.m.c.i.embedder.EclipseLogger - Copying 0 resource
2016-12-22 17:20:22,654 [Worker-11] WARN  o.e.m.c.i.embedder.EclipseLogger - Using platform encoding (Cp1252 actually) to copy filtered resources, i.e. build is platform dependent!
2016-12-22 17:20:22,656 [Worker-11] INFO  o.e.m.c.i.embedder.EclipseLogger - skip non existing resourceDirectory D:\sts-workspace\spring-basic-orm\src\test\resources
2016-12-22 17:20:22,704 [Worker-11] WARN  o.e.m.c.i.embedder.EclipseLogger - Using platform encoding (Cp1252 actually) to copy filtered resources, i.e. build is platform dependent!
2016-12-22 17:20:22,707 [Worker-11] INFO  o.e.m.c.i.embedder.EclipseLogger - Copying 0 resource
2016-12-22 17:20:22,708 [Worker-11] WARN  o.e.m.c.i.embedder.EclipseLogger - Using platform encoding (Cp1252 actually) to copy filtered resources, i.e. build is platform dependent!
2016-12-22 17:20:22,710 [Worker-11] INFO  o.e.m.c.i.embedder.EclipseLogger - skip non existing resourceDirectory D:\sts-workspace\spring-basic-orm-annotation\src\test\resources
2016-12-22 17:20:22,729 [Worker-11] WARN  o.e.m.c.i.embedder.EclipseLogger - Using platform encoding (Cp1252 actually) to copy filtered resources, i.e. build is platform dependent!
2016-12-22 17:20:22,731 [Worker-11] INFO  o.e.m.c.i.embedder.EclipseLogger - Copying 0 resource
2016-12-22 17:20:22,732 [Worker-11] WARN  o.e.m.c.i.embedder.EclipseLogger - Using platform encoding (Cp1252 actually) to copy filtered resources, i.e. build is platform dependent!
2016-12-22 17:20:22,734 [Worker-11] INFO  o.e.m.c.i.embedder.EclipseLogger - skip non existing resourceDirectory D:\sts-workspace\spring-basic-orm-tx\src\test\resources
2016-12-22 17:20:51,502 [Worker-10] WARN  o.e.m.c.i.embedder.EclipseLogger - Using platform encoding (Cp1252 actually) to copy filtered resources, i.e. build is platform dependent!
2016-12-22 17:20:51,509 [Worker-10] INFO  o.e.m.c.i.embedder.EclipseLogger - Copying 1 resource
2016-12-22 17:20:51,513 [Worker-10] WARN  o.e.m.c.i.embedder.EclipseLogger - Using platform encoding (Cp1252 actually) to copy filtered resources, i.e. build is platform dependent!
2016-12-22 17:20:51,518 [Worker-10] INFO  o.e.m.c.i.embedder.EclipseLogger - skip non existing resourceDirectory D:\sts-workspace\ spring-basic-jdbc\src\test\resources
2016-12-22 17:21:26,888 [Worker-3] WARN  o.e.m.c.i.embedder.EclipseLogger - Using platform encoding (Cp1252 actually) to copy filtered resources, i.e. build is platform dependent!
2016-12-22 17:21:26,893 [Worker-3] INFO  o.e.m.c.i.embedder.EclipseLogger - Copying 1 resource
2016-12-22 17:21:26,895 [Worker-3] WARN  o.e.m.c.i.embedder.EclipseLogger - Using platform encoding (Cp1252 actually) to copy filtered resources, i.e. build is platform dependent!
2016-12-22 17:21:26,900 [Worker-3] INFO  o.e.m.c.i.embedder.EclipseLogger - skip non existing resourceDirectory D:\sts-workspace\ spring-basic-jdbc\src\test\resources
2016-12-22 17:21:39,826 [Worker-21] WARN  o.e.m.c.i.embedder.EclipseLogger - Using platform encoding (Cp1252 actually) to copy filtered resources, i.e. build is platform dependent!
2016-12-22 17:21:39,833 [Worker-21] INFO  o.e.m.c.i.embedder.EclipseLogger - Copying 1 resource
2016-12-22 17:21:39,836 [Worker-21] WARN  o.e.m.c.i.embedder.EclipseLogger - Using platform encoding (Cp1252 actually) to copy filtered resources, i.e. build is platform dependent!
2016-12-22 17:21:39,839 [Worker-21] INFO  o.e.m.c.i.embedder.EclipseLogger - skip non existing resourceDirectory D:\sts-workspace\ spring-basic-jdbc\src\test\resources
2016-12-22 17:21:51,385 [Worker-16] WARN  o.e.m.c.i.embedder.EclipseLogger - Using platform encoding (Cp1252 actually) to copy filtered resources, i.e. build is platform dependent!
2016-12-22 17:21:51,390 [Worker-16] INFO  o.e.m.c.i.embedder.EclipseLogger - Copying 1 resource
2016-12-22 17:21:51,394 [Worker-16] WARN  o.e.m.c.i.embedder.EclipseLogger - Using platform encoding (Cp1252 actually) to copy filtered resources, i.e. build is platform dependent!
2016-12-22 17:21:51,399 [Worker-16] INFO  o.e.m.c.i.embedder.EclipseLogger - skip non existing resourceDirectory D:\sts-workspace\ spring-basic-jdbc\src\test\resources
2016-12-22 17:22:57,272 [Worker-18] WARN  o.e.m.c.i.embedder.EclipseLogger - Using platform encoding (Cp1252 actually) to copy filtered resources, i.e. build is platform dependent!
2016-12-22 17:22:57,279 [Worker-18] INFO  o.e.m.c.i.embedder.EclipseLogger - Copying 1 resource
2016-12-22 17:22:57,283 [Worker-18] WARN  o.e.m.c.i.embedder.EclipseLogger - Using platform encoding (Cp1252 actually) to copy filtered resources, i.e. build is platform dependent!
2016-12-22 17:22:57,288 [Worker-18] INFO  o.e.m.c.i.embedder.EclipseLogger - skip non existing resourceDirectory D:\sts-workspace\ spring-basic-jdbc\src\test\resources
2016-12-22 17:23:08,751 [Worker-3] WARN  o.e.m.c.i.embedder.EclipseLogger - Using platform encoding (Cp1252 actually) to copy filtered resources, i.e. build is platform dependent!
2016-12-22 17:23:08,757 [Worker-3] INFO  o.e.m.c.i.embedder.EclipseLogger - Copying 1 resource
2016-12-22 17:23:08,759 [Worker-3] WARN  o.e.m.c.i.embedder.EclipseLogger - Using platform encoding (Cp1252 actually) to copy filtered resources, i.e. build is platform dependent!
2016-12-22 17:23:08,765 [Worker-3] INFO  o.e.m.c.i.embedder.EclipseLogger - skip non existing resourceDirectory D:\sts-workspace\ spring-basic-jdbc\src\test\resources
2016-12-22 17:23:25,117 [Worker-18] WARN  o.e.m.c.i.embedder.EclipseLogger - Using platform encoding (Cp1252 actually) to copy filtered resources, i.e. build is platform dependent!
2016-12-22 17:23:25,122 [Worker-18] INFO  o.e.m.c.i.embedder.EclipseLogger - Copying 1 resource
2016-12-22 17:23:25,125 [Worker-18] WARN  o.e.m.c.i.embedder.EclipseLogger - Using platform encoding (Cp1252 actually) to copy filtered resources, i.e. build is platform dependent!
2016-12-22 17:23:25,130 [Worker-18] INFO  o.e.m.c.i.embedder.EclipseLogger - skip non existing resourceDirectory D:\sts-workspace\ spring-basic-jdbc\src\test\resources
